	 341754560 °Â^‡
	 341752992 Àz
	 341752992 Àz
	 341752992 Àz
	 341752992 Àz
	 341752992 Àz
	 341752992 Àz
	 341752992 Àz
	 341752992 Àz
	 341752992 Àz
	 341752992 Àz
	 341752992 Àz
	 341752992 Àz
	 341752992 Àz
	 341752992 Àz
	 341752992 Àz
	 341752992 Àz
	 341752992 Àz
	 341752992 Àz
	 341752992 Àz
	 341752992 Àz
	 341752992 Àz
	 341752992 Àz
	 341752992 Àz
	 341752992 Àz
	 341752992 Àz
	 341752992 Àz
	 341752992 Àz
	 341752992 Àz
	 341752992 Àz
	 341752992 Àz
	 341752992 Àz
	 341752992 Àz
	 341752992 Àz
	 341752992 Àz
	 341752992 Àz
	 341752992 Àz
	 341752992 Àz
	 341752992 Àz
	 341752992 Àz
	 341752992 Àz
	 341752992 Àz
	 341752992 Àz
	 341752992 Àz
	 341752992 Àz
	 341752992 Àz
	 341752992 Àz
	 341752992 Àz
	 341752992 Àz
	 341752992 Àz
	 341752992 Àz
	 341752992 Àz
	 341752992 Àz
	 341752992 Àz
	 341752992 Àz
	 341752992 Àz
	 341752992 Àz
	 341752992 Àz
	 341752992 Àz
	 341752992 Àz
	 341752992 Àz
	 341752992 Àz
	 341752992 Àz
	 341752992 Àz
	 341752992 Àz
	 341752992 Àz
	 341752992 Àz
	 341752992 Àz
	 341752992 Àz
	 341752992 Àz
	 341752992 Àz
	 341752992 Àz
	 341752992 Àz
	 341752992 Àz
	 341752992 Àz
	 341752992 Àz
	 341752992 Àz
	 341752992 Àz
	 341752992 Àz
	 341752992 Àz
	 341752992 Àz
	 341752992 Àz
	 341752992 Àz
	 341752992 Àz
	 341752992 Àz
	 341752992 Àz
	 341752992 Àz
	 341752992 Àz
	 341752992 Àz
	 341752992 Àz
	 341752992 Àz
	 341752992 Àz
	 341752992 Àz
	 341752992 Àz
	 341752992 Àz
	 341752992 Àz
	 341752992 Àz
	 341752992 Àz
	 341752992 Àz
	 341752992 Àz
