	 289325760 °Â>d
	 289324192 
	 289324192 
	 289324192 
	 289324192 
	 289324192 
	 289324192 
	 289324192 
	 289324192 
	 289324192 
	 289324192 
	 289324192 
	 289324192 
	 289324192 
	 289324192 
	 289324192 
	 289324192 
	 289324192 
	 289324192 
	 289324192 
	 289324192 
	 289324192 
	 289324192 
	 289324192 
	 289324192 
	 289324192 
	 289324192 
	 289324192 
	 289324192 
	 289324192 
	 289324192 
	 289324192 
	 289324192 
	 289324192 
	 289324192 
	 289324192 
	 289324192 
	 289324192 
	 289324192 
	 289324192 
	 289324192 
	 289324192 
	 289324192 
	 289324192 
	 289324192 
	 289324192 
	 289324192 
	 289324192 
	 289324192 
	 289324192 
	 289324192 
	 289324192 
	 289324192 
	 289324192 
	 289324192 
	 289324192 
	 289324192 
	 289324192 
	 289324192 
	 289324192 
	 289324192 
	 289324192 
	 289324192 
	 289324192 
	 289324192 
	 289324192 
	 289324192 
	 289324192 
	 289324192 
	 289324192 
	 289324192 
	 289324192 
	 289324192 
	 289324192 
	 289324192 
	 289324192 
	 289324192 
	 289324192 
	 289324192 
	 289324192 
	 289324192 
	 289324192 
	 289324192 
	 289324192 
	 289324192 
	 289324192 
	 289324192 
	 289324192 
	 289324192 
	 289324192 
	 289324192 
	 289324192 
	 289324192 
	 289324192 
	 289324192 
	 289324192 
	 289324192 
	 289324192 
	 289324192 
	 289324192 
