    75416256 °Â~<
    75414688 Àþ
    75414688 Àþ
    75414688 Àþ
    75414688 Àþ
    75414688 Àþ
    75414688 Àþ
    75414688 Àþ
    75414688 Àþ
    75414688 Àþ
    75414688 Àþ
    75414688 Àþ
    75414688 Àþ
    75414688 Àþ
    75414688 Àþ
    75414688 Àþ
    75414688 Àþ
    75414688 Àþ
    75414688 Àþ
    75414688 Àþ
    75414688 Àþ
    75414688 Àþ
    75414688 Àþ
    75414688 Àþ
    75414688 Àþ
    75414688 Àþ
    75414688 Àþ
    75414688 Àþ
    75414688 Àþ
    75414688 Àþ
    75414688 Àþ
    75414688 Àþ
    75414688 Àþ
    75414688 Àþ
    75414688 Àþ
    75414688 Àþ
    75414688 Àþ
    75414688 Àþ
    75414688 Àþ
    75414688 Àþ
    75414688 Àþ
    75414688 Àþ
    75414688 Àþ
    75414688 Àþ
    75414688 Àþ
    75414688 Àþ
    75414688 Àþ
    75414688 Àþ
    75414688 Àþ
    75414688 Àþ
    75414688 Àþ
    75414688 Àþ
    75414688 Àþ
    75414688 Àþ
    75414688 Àþ
    75414688 Àþ
    75414688 Àþ
    75414688 Àþ
    75414688 Àþ
    75414688 Àþ
    75414688 Àþ
    75414688 Àþ
    75414688 Àþ
    75414688 Àþ
    75414688 Àþ
    75414688 Àþ
    75414688 Àþ
    75414688 Àþ
    75414688 Àþ
    75414688 Àþ
    75414688 Àþ
    75414688 Àþ
    75414688 Àþ
    75414688 Àþ
    75414688 Àþ
    75414688 Àþ
    75414688 Àþ
    75414688 Àþ
    75414688 Àþ
    75414688 Àþ
    75414688 Àþ
    75414688 Àþ
    75414688 Àþ
    75414688 Àþ
    75414688 Àþ
    75414688 Àþ
    75414688 Àþ
    75414688 Àþ
    75414688 Àþ
    75414688 Àþ
    75414688 Àþ
    75414688 Àþ
    75414688 Àþ
    75414688 Àþ
    75414688 Àþ
    75414688 Àþ
    75414688 Àþ
    75414688 Àþ
    75414688 Àþ
    75414688 Àþ
