    1583268544 °Â^^¡
    1583266976 ð·
    1583266976 ð·
    1583266976 ð·
    1583266976 ð·
    1583266976 ð·
    1583266976 ð·
    1583266976 ð·
    1583266976 ð·
    1583266976 ð·
    1583266976 ð·
    1583266976 ð·
    1583266976 ð·
    1583266976 ð·
    1583266976 ð·
    1583266976 ð·
    1583266976 ð·
    1583266976 ð·
    1583266976 ð·
    1583266976 ð·
    1583266976 ð·
    1583266976 ð·
    1583266976 ð·
    1583266976 ð·
    1583266976 ð·
    1583266976 ð·
    1583266976 ð·
    1583266976 ð·
    1583266976 ð·
    1583266976 ð·
    1583266976 ð·
    1583266976 ð·
    1583266976 ð·
    1583266976 ð·
    1583266976 ð·
    1583266976 ð·
    1583266976 ð·
    1583266976 ð·
    1583266976 ð·
    1583266976 ð·
    1583266976 ð·
    1583266976 ð·
    1583266976 ð·
    1583266976 ð·
    1583266976 ð·
    1583266976 ð·
    1583266976 ð·
    1583266976 ð·
    1583266976 ð·
    1583266976 ð·
    1583266976 ð·
    1583266976 ð·
    1583266976 ð·
    1583266976 ð·
    1583266976 ð·
    1583266976 ð·
    1583266976 ð·
    1583266976 ð·
    1583266976 ð·
    1583266976 ð·
    1583266976 ð·
    1583266976 ð·
    1583266976 ð·
    1583266976 ð·
    1583266976 ð·
    1583266976 ð·
    1583266976 ð·
    1583266976 ð·
    1583266976 ð·
    1583266976 ð·
    1583266976 ð·
    1583266976 ð·
    1583266976 ð·
    1583266976 ð·
    1583266976 ð·
    1583266976 ð·
    1583266976 ð·
    1583266976 ð·
    1583266976 ð·
    1583266976 ð·
    1583266976 ð·
    1583266976 ð·
    1583266976 ð·
    1583266976 ð·
    1583266976 ð·
    1583266976 ð·
    1583266976 ð·
    1583266976 ð·
    1583266976 ð·
    1583266976 ð·
    1583266976 ð·
    1583266976 ð·
    1583266976 ð·
    1583266976 ð·
    1583266976 ð·
    1583266976 ð·
    1583266976 ð·
    1583266976 ð·
    1583266976 ð·
    1583266976 ð·
