	 594 elizabeth
	 411 will
	 373 darci
	 304 bennet
	 261 binglei
	 260 jane
	 257 ladi
	 251 sister
	 221 time
	 212 well
	 192 good
	 168 hope
	 167 feel
	 161 wickham
	 160 dai
	 158 dear
	 158 famili
	 156 collin
	 156 friend
	 154 happi
	 143 man
	 143 great
	 140 manner
	 139 thought
	 134 young
	 133 repli
	 131 lydia
	 131 letter
	 126 daughter
	 125 long
	 124 walk
	 124 marri
	 122 chapter
	 120 room
	 116 father
	 110 talk
	 110 catherin
	 109 hous
	 109 mother
	 109 receiv
	 108 expect
	 108 return
	 107 love
	 107 attent
	 104 answer
	 104 appear
	 101 speak
	 100 felt
	 98 pleasur
	 96 hear
	 96 express
	 95 subject
	 94 assur
	 94 lizzi
	 92 till
	 92 better
	 91 cri
	 91 kind
	 90 gardin
	 88 pass
	 88 suppos
	 88 acquaint
	 88 longbourn
	 86 wish
	 86 heard
	 85 call
	 85 object
	 84 turn
	 83 gener
	 82 girl
	 80 leav
	 80 engag
	 80 place
	 79 aunt
	 79 morn
	 78 sir
	 78 even
	 78 live
	 76 reason
	 76 opinion
	 75 danc
	 74 look
	 74 moment
	 74 continu
	 73 netherfield
	 72 find
	 70 delight
	 70 convers
	 70 surpris
	 69 kitti
	 69 affect
	 69 consid
	 69 observ
	 68 ey
	 68 told
	 68 parti
	 67 allow
	 67 civil
	 67 smile
	 67 charlott
