    872334016 °Âþ3v
    872332448 Ðâ½
    872332448 Ðâ½
    872332448 Ðâ½
    872332448 Ðâ½
    872332448 Ðâ½
    872332448 Ðâ½
    872332448 Ðâ½
    872332448 Ðâ½
    872332448 Ðâ½
    872332448 Ðâ½
    872332448 Ðâ½
    872332448 Ðâ½
    872332448 Ðâ½
    872332448 Ðâ½
    872332448 Ðâ½
    872332448 Ðâ½
    872332448 Ðâ½
    872332448 Ðâ½
    872332448 Ðâ½
    872332448 Ðâ½
    872332448 Ðâ½
    872332448 Ðâ½
    872332448 Ðâ½
    872332448 Ðâ½
    872332448 Ðâ½
    872332448 Ðâ½
    872332448 Ðâ½
    872332448 Ðâ½
    872332448 Ðâ½
    872332448 Ðâ½
    872332448 Ðâ½
    872332448 Ðâ½
    872332448 Ðâ½
    872332448 Ðâ½
    872332448 Ðâ½
    872332448 Ðâ½
    872332448 Ðâ½
    872332448 Ðâ½
    872332448 Ðâ½
    872332448 Ðâ½
    872332448 Ðâ½
    872332448 Ðâ½
    872332448 Ðâ½
    872332448 Ðâ½
    872332448 Ðâ½
    872332448 Ðâ½
    872332448 Ðâ½
    872332448 Ðâ½
    872332448 Ðâ½
    872332448 Ðâ½
    872332448 Ðâ½
    872332448 Ðâ½
    872332448 Ðâ½
    872332448 Ðâ½
    872332448 Ðâ½
    872332448 Ðâ½
    872332448 Ðâ½
    872332448 Ðâ½
    872332448 Ðâ½
    872332448 Ðâ½
    872332448 Ðâ½
    872332448 Ðâ½
    872332448 Ðâ½
    872332448 Ðâ½
    872332448 Ðâ½
    872332448 Ðâ½
    872332448 Ðâ½
    872332448 Ðâ½
    872332448 Ðâ½
    872332448 Ðâ½
    872332448 Ðâ½
    872332448 Ðâ½
    872332448 Ðâ½
    872332448 Ðâ½
    872332448 Ðâ½
    872332448 Ðâ½
    872332448 Ðâ½
    872332448 Ðâ½
    872332448 Ðâ½
    872332448 Ðâ½
    872332448 Ðâ½
    872332448 Ðâ½
    872332448 Ðâ½
    872332448 Ðâ½
    872332448 Ðâ½
    872332448 Ðâ½
    872332448 Ðâ½
    872332448 Ðâ½
    872332448 Ðâ½
    872332448 Ðâ½
    872332448 Ðâ½
    872332448 Ðâ½
    872332448 Ðâ½
    872332448 Ðâ½
    872332448 Ðâ½
    872332448 Ðâ½
    872332448 Ðâ½
    872332448 Ðâ½
    872332448 Ðâ½
