	 1493091008 °ÂþX
	 1493089440 
	 1493089440 
	 1493089440 
	 1493089440 
	 1493089440 
	 1493089440 
	 1493089440 
	 1493089440 
	 1493089440 
	 1493089440 
	 1493089440 
	 1493089440 
	 1493089440 
	 1493089440 
	 1493089440 
	 1493089440 
	 1493089440 
	 1493089440 
	 1493089440 
	 1493089440 
	 1493089440 
	 1493089440 
	 1493089440 
	 1493089440 
	 1493089440 
	 1493089440 
	 1493089440 
	 1493089440 
	 1493089440 
	 1493089440 
	 1493089440 
	 1493089440 
	 1493089440 
	 1493089440 
	 1493089440 
	 1493089440 
	 1493089440 
	 1493089440 
	 1493089440 
	 1493089440 
	 1493089440 
	 1493089440 
	 1493089440 
	 1493089440 
	 1493089440 
	 1493089440 
	 1493089440 
	 1493089440 
	 1493089440 
	 1493089440 
	 1493089440 
	 1493089440 
	 1493089440 
	 1493089440 
	 1493089440 
	 1493089440 
	 1493089440 
	 1493089440 
	 1493089440 
	 1493089440 
	 1493089440 
	 1493089440 
	 1493089440 
	 1493089440 
	 1493089440 
	 1493089440 
	 1493089440 
	 1493089440 
	 1493089440 
	 1493089440 
	 1493089440 
	 1493089440 
	 1493089440 
	 1493089440 
	 1493089440 
	 1493089440 
	 1493089440 
	 1493089440 
	 1493089440 
	 1493089440 
	 1493089440 
	 1493089440 
	 1493089440 
	 1493089440 
	 1493089440 
	 1493089440 
	 1493089440 
	 1493089440 
	 1493089440 
	 1493089440 
	 1493089440 
	 1493089440 
	 1493089440 
	 1493089440 
	 1493089440 
	 1493089440 
	 1493089440 
	 1493089440 
	 1493089440 
