	 176079552 °Â~
I
	 176077984 
	 176077984 
	 176077984 
	 176077984 
	 176077984 
	 176077984 
	 176077984 
	 176077984 
	 176077984 
	 176077984 
	 176077984 
	 176077984 
	 176077984 
	 176077984 
	 176077984 
	 176077984 
	 176077984 
	 176077984 
	 176077984 
	 176077984 
	 176077984 
	 176077984 
	 176077984 
	 176077984 
	 176077984 
	 176077984 
	 176077984 
	 176077984 
	 176077984 
	 176077984 
	 176077984 
	 176077984 
	 176077984 
	 176077984 
	 176077984 
	 176077984 
	 176077984 
	 176077984 
	 176077984 
	 176077984 
	 176077984 
	 176077984 
	 176077984 
	 176077984 
	 176077984 
	 176077984 
	 176077984 
	 176077984 
	 176077984 
	 176077984 
	 176077984 
	 176077984 
	 176077984 
	 176077984 
	 176077984 
	 176077984 
	 176077984 
	 176077984 
	 176077984 
	 176077984 
	 176077984 
	 176077984 
	 176077984 
	 176077984 
	 176077984 
	 176077984 
	 176077984 
	 176077984 
	 176077984 
	 176077984 
	 176077984 
	 176077984 
	 176077984 
	 176077984 
	 176077984 
	 176077984 
	 176077984 
	 176077984 
	 176077984 
	 176077984 
	 176077984 
	 176077984 
	 176077984 
	 176077984 
	 176077984 
	 176077984 
	 176077984 
	 176077984 
	 176077984 
	 176077984 
	 176077984 
	 176077984 
	 176077984 
	 176077984 
	 176077984 
	 176077984 
	 176077984 
	 176077984 
	 176077984 
